3/14/2026, 12:43:21 PM EDT 0: 

----------------------------------------------
3/14/2026, 12:43:21 PM EDT 1: Discord starting: {"releaseChannel":"stable","version":"0.0.128"}, modulepath: /home/chase/.config/discord/0.0.128/modules
3/14/2026, 12:43:21 PM EDT 2: ✅ webContents.created web1 "index.html"
3/14/2026, 12:43:21 PM EDT 3: ✅ window.created win1 "discord"
3/14/2026, 12:43:21 PM EDT 4: ✅ webContents.did-finish-load web1
3/14/2026, 12:43:31 PM EDT 5: ✅ webContents.created web2 ""
3/14/2026, 12:43:31 PM EDT 6: ✅ window.created win2 "Discord"
3/14/2026, 12:43:32 PM EDT 7: ✅ webContents.did-finish-load web2
3/14/2026, 12:43:33 PM EDT 8: window.close win1
3/14/2026, 12:43:33 PM EDT 9: webContents.destroyed web1
3/14/2026, 12:43:33 PM EDT 10: window.closed win1
3/14/2026, 12:45:33 PM EDT 11: before-quit
3/14/2026, 12:45:33 PM EDT 12: window.close win2
3/14/2026, 12:45:33 PM EDT 13: webContents.destroyed web2
3/14/2026, 12:45:38 PM EDT 0: 

----------------------------------------------
3/14/2026, 12:45:38 PM EDT 1: Discord starting: {"releaseChannel":"stable","version":"0.0.128"}, modulepath: /home/chase/.config/discord/0.0.128/modules
3/14/2026, 12:45:38 PM EDT 2: ✅ webContents.created web1 "index.html"
3/14/2026, 12:45:38 PM EDT 3: ✅ window.created win1 "discord"
3/14/2026, 12:45:38 PM EDT 4: ✅ webContents.did-finish-load web1
3/14/2026, 12:45:39 PM EDT 5: ✅ webContents.created web2 ""
3/14/2026, 12:45:39 PM EDT 6: ✅ window.created win2 "Discord"
3/14/2026, 12:45:41 PM EDT 7: ✅ webContents.did-finish-load web2
3/14/2026, 12:45:43 PM EDT 8: window.close win1
3/14/2026, 12:45:43 PM EDT 9: webContents.destroyed web1
3/14/2026, 12:45:43 PM EDT 10: window.closed win1
3/14/2026, 12:45:44 PM EDT 11: ✅ webContents.did-finish-load web2
3/14/2026, 12:46:09 PM EDT 0: 

----------------------------------------------
3/14/2026, 12:46:12 PM EDT 12: window.close win2
3/14/2026, 12:46:17 PM EDT 0: 

----------------------------------------------
3/15/2026, 9:45:50 AM EDT 0: 

----------------------------------------------
3/15/2026, 9:45:50 AM EDT 1: Discord starting: {"releaseChannel":"stable","version":"0.0.128"}, modulepath: /home/chase/.config/discord/0.0.128/modules
3/15/2026, 9:45:50 AM EDT 2: ✅ webContents.created web1 "index.html"
3/15/2026, 9:45:50 AM EDT 3: ✅ window.created win1 "discord"
3/15/2026, 9:45:50 AM EDT 4: ✅ webContents.did-finish-load web1
3/15/2026, 9:48:03 AM EDT 5: ✅ webContents.created web2 ""
3/15/2026, 9:48:03 AM EDT 6: ✅ window.created win2 "Discord"
3/15/2026, 9:48:03 AM EDT 7: ✅ webContents.did-finish-load web2
3/15/2026, 9:48:04 AM EDT 8: window.close win1
3/15/2026, 9:48:04 AM EDT 9: webContents.destroyed web1
3/15/2026, 9:48:04 AM EDT 10: window.closed win1
3/16/2026, 10:34:00 AM EDT 0: 

----------------------------------------------
3/16/2026, 10:34:00 AM EDT 1: Discord starting: {"releaseChannel":"stable","version":"0.0.128"}, modulepath: /home/chase/.config/discord/0.0.128/modules
3/16/2026, 10:34:00 AM EDT 2: ✅ webContents.created web1 "index.html"
3/16/2026, 10:34:00 AM EDT 3: ✅ window.created win1 "discord"
3/16/2026, 10:34:00 AM EDT 4: ✅ webContents.did-finish-load web1
3/16/2026, 10:40:10 AM EDT 5: ✅ webContents.created web2 ""
3/16/2026, 10:40:10 AM EDT 6: ✅ window.created win2 "Discord"
3/16/2026, 10:40:11 AM EDT 7: ✅ webContents.did-finish-load web2
3/16/2026, 10:40:12 AM EDT 8: window.close win1
3/16/2026, 10:40:12 AM EDT 9: webContents.destroyed web1
3/16/2026, 10:40:12 AM EDT 10: window.closed win1
